# JRE version: Java(TM) SE Runtime Environment (8.0_121-b13) (build 1.8.0_121-b13)
# Java VM: Java HotSpot(TM) 64-Bit Server VM (25.121-b13 mixed mode windows-amd64 compressed oops)
Heap:
 PSYoungGen      total 18944K, used 11172K [0x00000000eb180000, 0x00000000ec680000, 0x0000000100000000)
  eden space 16384K, 52% used [0x00000000eb180000,0x00000000eb9ec570,0x00000000ec180000)
  from space 2560K, 99% used [0x00000000ec400000,0x00000000ec67cc30,0x00000000ec680000)
  to   space 2560K, 0% used [0x00000000ec180000,0x00000000ec180000,0x00000000ec400000)
 ParOldGen       total 44032K, used 14127K [0x00000000c1400000, 0x00000000c3f00000, 0x00000000eb180000)
  object space 44032K, 32% used [0x00000000c1400000,0x00000000c21cbe30,0x00000000c3f00000)
 Metaspace       used 12720K, capacity 13362K, committed 13568K, reserved 1060864K
  class space    used 1749K, capacity 1941K, committed 2048K, reserved 1048576K
GC Heap History (4 events):
Event: 1.386 GC heap before
{Heap before GC invocations=1 (full 0):
 PSYoungGen      total 18944K, used 16384K [0x00000000eb180000, 0x00000000ec680000, 0x0000000100000000)
  eden space 16384K, 100% used [0x00000000eb180000,0x00000000ec180000,0x00000000ec180000)
  from space 2560K, 0% used [0x00000000ec400000,0x00000000ec400000,0x00000000ec680000)
  to   space 2560K, 0% used [0x00000000ec180000,0x00000000ec180000,0x00000000ec400000)
 ParOldGen       total 44032K, used 0K [0x00000000c1400000, 0x00000000c3f00000, 0x00000000eb180000)
  object space 44032K, 0% used [0x00000000c1400000,0x00000000c1400000,0x00000000c3f00000)
 Metaspace       used 9802K, capacity 10240K, committed 10496K, reserved 1058816K
  class space    used 1285K, capacity 1422K, committed 1536K, reserved 1048576K
Event: 1.393 GC heap after
Heap after GC invocations=1 (full 0):
 PSYoungGen      total 18944K, used 2144K [0x00000000eb180000, 0x00000000ec680000, 0x0000000100000000)
  eden space 16384K, 0% used [0x00000000eb180000,0x00000000eb180000,0x00000000ec180000)
  from space 2560K, 83% used [0x00000000ec180000,0x00000000ec398020,0x00000000ec400000)
  to   space 2560K, 0% used [0x00000000ec400000,0x00000000ec400000,0x00000000ec680000)
 ParOldGen       total 44032K, used 8K [0x00000000c1400000, 0x00000000c3f00000, 0x00000000eb180000)
  object space 44032K, 0% used [0x00000000c1400000,0x00000000c1402000,0x00000000c3f00000)
 Metaspace       used 9802K, capacity 10240K, committed 10496K, reserved 1058816K
  class space    used 1285K, capacity 1422K, committed 1536K, reserved 1048576K
}
Event: 2.011 GC heap before
{Heap before GC invocations=2 (full 0):
 PSYoungGen      total 18944K, used 17516K [0x00000000eb180000, 0x00000000ec680000, 0x0000000100000000)
  eden space 16384K, 93% used [0x00000000eb180000,0x00000000ec083080,0x00000000ec180000)
  from space 2560K, 83% used [0x00000000ec180000,0x00000000ec398020,0x00000000ec400000)
  to   space 2560K, 0% used [0x00000000ec400000,0x00000000ec400000,0x00000000ec680000)
 ParOldGen       total 44032K, used 8200K [0x00000000c1400000, 0x00000000c3f00000, 0x00000000eb180000)
  object space 44032K, 18% used [0x00000000c1400000,0x00000000c1c02010,0x00000000c3f00000)
 Metaspace       used 12307K, capacity 12858K, committed 13184K, reserved 1060864K
  class space    used 1694K, capacity 1855K, committed 1920K, reserved 1048576K
Event: 2.020 GC heap after
Heap after GC invocations=2 (full 0):
 PSYoungGen      total 18944K, used 2547K [0x00000000eb180000, 0x00000000ec680000, 0x0000000100000000)
  eden space 16384K, 0% used [0x00000000eb180000,0x00000000eb180000,0x00000000ec180000)
  from space 2560K, 99% used [0x00000000ec400000,0x00000000ec67cc30,0x00000000ec680000)
  to   space 2560K, 0% used [0x00000000ec180000,0x00000000ec180000,0x00000000ec400000)
 ParOldGen       total 44032K, used 14127K [0x00000000c1400000, 0x00000000c3f00000, 0x00000000eb180000)
  object space 44032K, 32% used [0x00000000c1400000,0x00000000c21cbe30,0x00000000c3f00000)
 Metaspace       used 12307K, capacity 12858K, committed 13184K, reserved 1060864K
  class space    used 1694K, capacity 1855K, committed 1920K, reserved 1048576K
}

